Fri Oct 08 10:35:28 2021 | 21.435272
Fri Oct 08 10:35:30 2021 | 21.236841
Fri Oct 08 10:35:32 2021 | 21.015184
Fri Oct 08 10:54:07 2021 | 21.435272
Fri Oct 08 10:54:09 2021 | 21.236841
Fri Oct 08 10:54:11 2021 | 21.370146
Fri Oct 08 10:54:13 2021 | 21.347849
Fri Oct 08 10:54:15 2021 | 21.499435
Fri Oct 08 10:54:17 2021 | 21.714363
Fri Oct 08 10:54:19 2021 | 21.149109
Fri Oct 08 10:54:21 2021 | 21.418621
Fri Oct 08 10:54:23 2021 | 21.193241
Fri Oct 08 10:54:25 2021 | 21.153263
Fri Oct 08 10:54:27 2021 | 21.300798
Fri Oct 08 10:54:29 2021 | 21.491985
Fri Oct 08 10:54:31 2021 | 21.511349
Fri Oct 08 10:54:33 2021 | 21.144852
Fri Oct 08 10:54:35 2021 | 21.473619
Fri Oct 08 10:54:37 2021 | 21.159666
Fri Oct 08 10:54:39 2021 | 21.704252
Fri Oct 08 10:54:41 2021 | 21.596231
Fri Oct 08 10:54:43 2021 | 21.426603
Fri Oct 08 10:54:45 2021 | 21.392908
Fri Oct 08 10:54:47 2021 | 21.291906
Fri Oct 08 10:54:49 2021 | 21.093613
Fri Oct 08 10:54:51 2021 | 21.659073
Fri Oct 08 10:54:53 2021 | 21.600094
Fri Oct 08 10:54:55 2021 | 21.612949
Fri Oct 08 10:54:57 2021 | 21.502834
Fri Oct 08 10:54:59 2021 | 21.584112
Fri Oct 08 10:55:01 2021 | 21.667347
Fri Oct 08 10:55:03 2021 | 21.585451
Fri Oct 08 10:55:05 2021 | 21.029209
Fri Oct 08 10:55:07 2021 | 21.215435
Fri Oct 08 10:55:09 2021 | 21.092394
Fri Oct 08 10:55:11 2021 | 21.539808
Fri Oct 08 10:55:13 2021 | 21.632656
Fri Oct 08 10:55:15 2021 | 21.537096
Fri Oct 08 10:55:17 2021 | 21.545525
Fri Oct 08 10:55:19 2021 | 21.071505
Fri Oct 08 10:55:21 2021 | 21.461878
Fri Oct 08 10:55:23 2021 | 21.214113
Fri Oct 08 10:55:25 2021 | 21.668652
Fri Oct 08 10:55:27 2021 | 21.292061
Fri Oct 08 10:55:29 2021 | 21.635214
Fri Oct 08 10:55:31 2021 | 21.617928
Fri Oct 08 10:55:33 2021 | 21.217049
Fri Oct 08 10:55:35 2021 | 21.497169
Fri Oct 08 10:55:37 2021 | 21.451681
Fri Oct 08 10:55:39 2021 | 21.334579
Fri Oct 08 10:55:41 2021 | 21.222456
Fri Oct 08 10:55:43 2021 | 21.338099
Fri Oct 08 10:55:45 2021 | 21.594566
Fri Oct 08 10:55:47 2021 | 21.421968
Fri Oct 08 10:55:49 2021 | 21.430689
Fri Oct 08 10:55:51 2021 | 21.432079
Fri Oct 08 10:55:53 2021 | 21.229374
Fri Oct 08 10:55:55 2021 | 21.158207
Fri Oct 08 10:55:57 2021 | 21.096582
Fri Oct 08 10:55:59 2021 | 21.411205
