Fri Oct 08 10:35:29 2021 | 10.664995
Fri Oct 08 10:35:32 2021 | 10.263927
Fri Oct 08 10:54:08 2021 | 10.664995
Fri Oct 08 10:54:11 2021 | 10.101389
Fri Oct 08 10:54:14 2021 | 10.708973
Fri Oct 08 10:54:17 2021 | 10.626854
Fri Oct 08 10:54:20 2021 | 10.218319
Fri Oct 08 10:54:23 2021 | 10.428371
Fri Oct 08 10:54:26 2021 | 10.337034
Fri Oct 08 10:54:29 2021 | 10.465775
Fri Oct 08 10:54:32 2021 | 10.477413
Fri Oct 08 10:54:35 2021 | 10.116083
Fri Oct 08 10:54:38 2021 | 10.547173
Fri Oct 08 10:54:41 2021 | 10.625652
Fri Oct 08 10:54:44 2021 | 10.516344
Fri Oct 08 10:54:47 2021 | 10.632124
Fri Oct 08 10:54:50 2021 | 10.450445
Fri Oct 08 10:54:53 2021 | 10.577263
Fri Oct 08 10:54:56 2021 | 10.079109
Fri Oct 08 10:54:59 2021 | 10.708681
Fri Oct 08 10:55:02 2021 | 10.577589
Fri Oct 08 10:55:05 2021 | 10.491350
Fri Oct 08 10:55:08 2021 | 10.037157
Fri Oct 08 10:55:11 2021 | 10.619335
Fri Oct 08 10:55:14 2021 | 10.119499
Fri Oct 08 10:55:17 2021 | 10.078749
Fri Oct 08 10:55:20 2021 | 10.508945
Fri Oct 08 10:55:23 2021 | 10.267275
Fri Oct 08 10:55:26 2021 | 10.676685
Fri Oct 08 10:55:29 2021 | 10.589502
Fri Oct 08 10:55:32 2021 | 10.356724
Fri Oct 08 10:55:35 2021 | 10.033243
Fri Oct 08 10:55:38 2021 | 10.586395
Fri Oct 08 10:55:41 2021 | 10.559566
Fri Oct 08 10:55:44 2021 | 10.346424
Fri Oct 08 10:55:47 2021 | 10.343060
Fri Oct 08 10:55:50 2021 | 10.151546
Fri Oct 08 10:55:53 2021 | 10.627249
Fri Oct 08 10:55:56 2021 | 10.612503
Fri Oct 08 10:55:59 2021 | 10.610117
Fri Oct 08 15:50:56 2021 | 10.664995
Fri Oct 08 15:50:59 2021 | 10.263927
Fri Oct 08 15:51:02 2021 | 10.708973
Fri Oct 08 15:51:05 2021 | 10.236944
Fri Oct 08 15:51:08 2021 | 10.421745
Fri Oct 08 15:51:11 2021 | 10.345154
Fri Oct 08 15:51:14 2021 | 10.337034
Fri Oct 08 15:51:17 2021 | 10.465775
Fri Oct 08 15:51:20 2021 | 10.477413
